<?xml version="1.0" encoding="UTF-8"?>
<!-- Generated by org.testng.reporters.JUnitXMLReporter -->
<testsuite ignored="0" hostname="DESKTOP-6FCQ5OF" failures="0" tests="11" name="Test" time="188.522" errors="0" timestamp="2020-09-28T23:01:55 IST">
  <testcase classname="testcases.Delete_Product_testcases" name="@BeforeMethod navigateToProducts" time="0.172">
    <failure type="java.lang.AssertionError" message="expected [true] but found [false]">
      <![CDATA[java.lang.AssertionError: expected [true] but found [false]
at pages.Dashboard.navigateToProducts(Dashboard.java:25)
at pages.Dashboard.<init>(Dashboard.java:20)
at testcases.Delete_Product_testcases.navigateToProducts(Delete_Product_testcases.java:39)
at java.base/java.util.ArrayList.forEach(ArrayList.java:1540)
... Removed 35 stack frames]]>
    </failure>
  </testcase> <!-- @BeforeMethod navigateToProducts -->
  <testcase classname="testcases.Delete_Product_testcases" name="@AfterClass setDown" time="-1.601314314981E9">
    <skipped/>
  </testcase> <!-- @AfterClass setDown -->
  <testcase classname="testcases.Login_testcases" name="loginTestCase" time="1.783"/>
  <testcase classname="testcases.Create_Product_testcases" name="createProductsWithValidData" time="2.91"/>
  <testcase classname="testcases.Create_Product_testcases" name="createProductWithEmptyFiels" time="1.898"/>
  <testcase classname="testcases.Create_Product_testcases" name="verifyUniqueField" time="22.494"/>
  <testcase classname="testcases.Create_Product_testcases" name="verifyFieldLimits" time="3.715"/>
  <testcase classname="testcases.Products_Listing_testcases" name="verifyProductList" time="0.344"/>
  <testcase classname="testcases.Update_Product_testcases" name="updateProductsWithValidData" time="3.184"/>
  <testcase classname="testcases.Update_Product_testcases" name="createProductWithEmptyFiels" time="2.74"/>
  <testcase classname="testcases.Update_Product_testcases" name="verifyUniqueField" time="62.977"/>
  <testcase classname="testcases.Update_Product_testcases" name="verifyFieldLimits" time="3.564"/>
  <testcase classname="testcases.Delete_Product_testcases" name="deleteProduct" time="0.0">
    <skipped/>
  </testcase> <!-- deleteProduct -->
</testsuite> <!-- Test -->
