<?xml version="1.0" encoding="UTF-8"?>
<testng-results ignored="0" total="11" passed="10" failed="1" skipped="0">
  <reporter-output>
  </reporter-output>
  <suite started-at="2020-09-28T01:25:43 IST" name="Suite" finished-at="2020-09-28T01:28:20 IST" duration-ms="157711">
    <groups>
    </groups>
    <test started-at="2020-09-28T01:25:43 IST" name="Test" finished-at="2020-09-28T01:28:20 IST" duration-ms="157711">
      <class name="testcases.Products_Listing_testcases">
        <test-method is-config="true" signature="setUp()[pri:0, instance:testcases.Products_Listing_testcases@6b419da]" started-at="2020-09-28T01:26:33 IST" name="setUp" finished-at="2020-09-28T01:26:43 IST" duration-ms="9894" status="PASS">
          <reporter-output>
          </reporter-output>
        </test-method> <!-- setUp -->
        <test-method is-config="true" signature="navigateToProducts()[pri:0, instance:testcases.Products_Listing_testcases@6b419da]" started-at="2020-09-28T01:26:43 IST" name="navigateToProducts" finished-at="2020-09-28T01:26:44 IST" duration-ms="636" status="PASS">
          <reporter-output>
          </reporter-output>
        </test-method> <!-- navigateToProducts -->
        <test-method signature="verifyProductList()[pri:0, instance:testcases.Products_Listing_testcases@6b419da]" started-at="2020-09-28T01:26:44 IST" name="verifyProductList" finished-at="2020-09-28T01:26:44 IST" duration-ms="165" status="PASS">
          <reporter-output>
          </reporter-output>
        </test-method> <!-- verifyProductList -->
        <test-method is-config="true" signature="setDown()[pri:0, instance:testcases.Products_Listing_testcases@6b419da]" started-at="2020-09-28T01:26:44 IST" name="setDown" finished-at="2020-09-28T01:26:46 IST" duration-ms="1906" status="PASS">
          <reporter-output>
          </reporter-output>
        </test-method> <!-- setDown -->
      </class> <!-- testcases.Products_Listing_testcases -->
      <class name="testcases.Create_Product_testcases">
        <test-method is-config="true" signature="setUp()[pri:0, instance:testcases.Create_Product_testcases@7920ba90]" started-at="2020-09-28T01:25:55 IST" name="setUp" finished-at="2020-09-28T01:26:05 IST" duration-ms="9314" status="PASS">
          <reporter-output>
          </reporter-output>
        </test-method> <!-- setUp -->
        <test-method is-config="true" signature="navigateToProducts()[pri:0, instance:testcases.Create_Product_testcases@7920ba90]" started-at="2020-09-28T01:26:05 IST" name="navigateToProducts" finished-at="2020-09-28T01:26:05 IST" duration-ms="669" status="PASS">
          <reporter-output>
          </reporter-output>
        </test-method> <!-- navigateToProducts -->
        <test-method signature="createProductsWithValidData()[pri:0, instance:testcases.Create_Product_testcases@7920ba90]" started-at="2020-09-28T01:26:05 IST" name="createProductsWithValidData" finished-at="2020-09-28T01:26:06 IST" duration-ms="1027" status="FAIL">
          <exception class="java.lang.AssertionError">
            <message>
              <![CDATA[expected [true] but found [false]]]>
            </message>
            <full-stacktrace>
              <![CDATA[java.lang.AssertionError: expected [true] but found [false]
at org.testng.Assert.fail(Assert.java:97)
at org.testng.Assert.failNotEquals(Assert.java:969)
at org.testng.Assert.assertTrue(Assert.java:43)
at org.testng.Assert.assertTrue(Assert.java:53)
at pages.Products.verifyProductDetails(Products.java:77)
at testcases.Create_Product_testcases.createProductsWithValidData(Create_Product_testcases.java:53)
at java.base/jdk.internal.reflect.NativeMethodAccessorImpl.invoke0(Native Method)
at java.base/jdk.internal.reflect.NativeMethodAccessorImpl.invoke(NativeMethodAccessorImpl.java:62)
at java.base/jdk.internal.reflect.DelegatingMethodAccessorImpl.invoke(DelegatingMethodAccessorImpl.java:43)
at java.base/java.lang.reflect.Method.invoke(Method.java:567)
at org.testng.internal.MethodInvocationHelper.invokeMethod(MethodInvocationHelper.java:134)
at org.testng.internal.TestInvoker.invokeMethod(TestInvoker.java:597)
at org.testng.internal.TestInvoker.invokeTestMethod(TestInvoker.java:173)
at org.testng.internal.MethodRunner.runInSequence(MethodRunner.java:46)
at org.testng.internal.TestInvoker$MethodInvocationAgent.invoke(TestInvoker.java:816)
at org.testng.internal.TestInvoker.invokeTestMethods(TestInvoker.java:146)
at org.testng.internal.TestMethodWorker.invokeTestMethods(TestMethodWorker.java:146)
at org.testng.internal.TestMethodWorker.run(TestMethodWorker.java:128)
at java.base/java.util.ArrayList.forEach(ArrayList.java:1540)
at org.testng.TestRunner.privateRun(TestRunner.java:766)
at org.testng.TestRunner.run(TestRunner.java:587)
at org.testng.SuiteRunner.runTest(SuiteRunner.java:384)
at org.testng.SuiteRunner.runSequentially(SuiteRunner.java:378)
at org.testng.SuiteRunner.privateRun(SuiteRunner.java:337)
at org.testng.SuiteRunner.run(SuiteRunner.java:286)
at org.testng.SuiteRunnerWorker.runSuite(SuiteRunnerWorker.java:53)
at org.testng.SuiteRunnerWorker.run(SuiteRunnerWorker.java:96)
at org.testng.TestNG.runSuitesSequentially(TestNG.java:1187)
at org.testng.TestNG.runSuitesLocally(TestNG.java:1109)
at org.testng.TestNG.runSuites(TestNG.java:1039)
at org.testng.TestNG.run(TestNG.java:1007)
at org.apache.maven.surefire.testng.TestNGExecutor.run(TestNGExecutor.java:284)
at org.apache.maven.surefire.testng.TestNGXmlTestSuite.execute(TestNGXmlTestSuite.java:75)
at org.apache.maven.surefire.testng.TestNGProvider.invoke(TestNGProvider.java:119)
at org.apache.maven.surefire.booter.ForkedBooter.runSuitesInProcess(ForkedBooter.java:428)
at org.apache.maven.surefire.booter.ForkedBooter.execute(ForkedBooter.java:162)
at org.apache.maven.surefire.booter.ForkedBooter.run(ForkedBooter.java:562)
at org.apache.maven.surefire.booter.ForkedBooter.main(ForkedBooter.java:548)
]]>
            </full-stacktrace>
          </exception> <!-- java.lang.AssertionError -->
          <reporter-output>
          </reporter-output>
        </test-method> <!-- createProductsWithValidData -->
        <test-method is-config="true" signature="navigateToProducts()[pri:0, instance:testcases.Create_Product_testcases@7920ba90]" started-at="2020-09-28T01:26:06 IST" name="navigateToProducts" finished-at="2020-09-28T01:26:07 IST" duration-ms="442" status="PASS">
          <reporter-output>
          </reporter-output>
        </test-method> <!-- navigateToProducts -->
        <test-method signature="createProductWithEmptyFiels()[pri:1, instance:testcases.Create_Product_testcases@7920ba90]" started-at="2020-09-28T01:26:07 IST" name="createProductWithEmptyFiels" finished-at="2020-09-28T01:26:08 IST" duration-ms="1029" status="PASS">
          <reporter-output>
          </reporter-output>
        </test-method> <!-- createProductWithEmptyFiels -->
        <test-method is-config="true" signature="navigateToProducts()[pri:0, instance:testcases.Create_Product_testcases@7920ba90]" started-at="2020-09-28T01:26:08 IST" name="navigateToProducts" finished-at="2020-09-28T01:26:08 IST" duration-ms="369" status="PASS">
          <reporter-output>
          </reporter-output>
        </test-method> <!-- navigateToProducts -->
        <test-method signature="verifyUniqueField()[pri:2, instance:testcases.Create_Product_testcases@7920ba90]" started-at="2020-09-28T01:26:08 IST" name="verifyUniqueField" finished-at="2020-09-28T01:26:29 IST" duration-ms="21079" status="PASS">
          <reporter-output>
          </reporter-output>
        </test-method> <!-- verifyUniqueField -->
        <test-method is-config="true" signature="navigateToProducts()[pri:0, instance:testcases.Create_Product_testcases@7920ba90]" started-at="2020-09-28T01:26:29 IST" name="navigateToProducts" finished-at="2020-09-28T01:26:30 IST" duration-ms="416" status="PASS">
          <reporter-output>
          </reporter-output>
        </test-method> <!-- navigateToProducts -->
        <test-method signature="verifyFieldLimits()[pri:3, instance:testcases.Create_Product_testcases@7920ba90]" started-at="2020-09-28T01:26:30 IST" name="verifyFieldLimits" finished-at="2020-09-28T01:26:31 IST" duration-ms="1595" status="PASS">
          <reporter-output>
          </reporter-output>
        </test-method> <!-- verifyFieldLimits -->
        <test-method is-config="true" signature="setDown()[pri:0, instance:testcases.Create_Product_testcases@7920ba90]" started-at="2020-09-28T01:26:31 IST" name="setDown" finished-at="2020-09-28T01:26:33 IST" duration-ms="1908" status="PASS">
          <reporter-output>
          </reporter-output>
        </test-method> <!-- setDown -->
      </class> <!-- testcases.Create_Product_testcases -->
      <class name="testcases.Update_Product_testcases">
        <test-method is-config="true" signature="setUp()[pri:0, instance:testcases.Update_Product_testcases@3b2da18f]" started-at="2020-09-28T01:26:46 IST" name="setUp" finished-at="2020-09-28T01:26:55 IST" duration-ms="9477" status="PASS">
          <reporter-output>
          </reporter-output>
        </test-method> <!-- setUp -->
        <test-method is-config="true" signature="navigateToProducts()[pri:0, instance:testcases.Update_Product_testcases@3b2da18f]" started-at="2020-09-28T01:26:55 IST" name="navigateToProducts" finished-at="2020-09-28T01:26:56 IST" duration-ms="621" status="PASS">
          <reporter-output>
          </reporter-output>
        </test-method> <!-- navigateToProducts -->
        <test-method signature="updateProductsWithValidData()[pri:0, instance:testcases.Update_Product_testcases@3b2da18f]" started-at="2020-09-28T01:26:56 IST" name="updateProductsWithValidData" finished-at="2020-09-28T01:26:57 IST" duration-ms="1493" status="PASS">
          <reporter-output>
          </reporter-output>
        </test-method> <!-- updateProductsWithValidData -->
        <test-method is-config="true" signature="navigateToProducts()[pri:0, instance:testcases.Update_Product_testcases@3b2da18f]" started-at="2020-09-28T01:26:57 IST" name="navigateToProducts" finished-at="2020-09-28T01:26:58 IST" duration-ms="463" status="PASS">
          <reporter-output>
          </reporter-output>
        </test-method> <!-- navigateToProducts -->
        <test-method signature="createProductWithEmptyFiels()[pri:1, instance:testcases.Update_Product_testcases@3b2da18f]" started-at="2020-09-28T01:26:58 IST" name="createProductWithEmptyFiels" finished-at="2020-09-28T01:26:59 IST" duration-ms="1105" status="PASS">
          <reporter-output>
          </reporter-output>
        </test-method> <!-- createProductWithEmptyFiels -->
        <test-method is-config="true" signature="navigateToProducts()[pri:0, instance:testcases.Update_Product_testcases@3b2da18f]" started-at="2020-09-28T01:26:59 IST" name="navigateToProducts" finished-at="2020-09-28T01:26:59 IST" duration-ms="482" status="PASS">
          <reporter-output>
          </reporter-output>
        </test-method> <!-- navigateToProducts -->
        <test-method signature="verifyUniqueField()[pri:2, instance:testcases.Update_Product_testcases@3b2da18f]" started-at="2020-09-28T01:26:59 IST" name="verifyUniqueField" finished-at="2020-09-28T01:28:01 IST" duration-ms="62047" status="PASS">
          <reporter-output>
          </reporter-output>
        </test-method> <!-- verifyUniqueField -->
        <test-method is-config="true" signature="navigateToProducts()[pri:0, instance:testcases.Update_Product_testcases@3b2da18f]" started-at="2020-09-28T01:28:01 IST" name="navigateToProducts" finished-at="2020-09-28T01:28:03 IST" duration-ms="1241" status="PASS">
          <reporter-output>
          </reporter-output>
        </test-method> <!-- navigateToProducts -->
        <test-method signature="verifyFieldLimits()[pri:3, instance:testcases.Update_Product_testcases@3b2da18f]" started-at="2020-09-28T01:28:03 IST" name="verifyFieldLimits" finished-at="2020-09-28T01:28:04 IST" duration-ms="1716" status="PASS">
          <reporter-output>
          </reporter-output>
        </test-method> <!-- verifyFieldLimits -->
        <test-method is-config="true" signature="setDown()[pri:0, instance:testcases.Update_Product_testcases@3b2da18f]" started-at="2020-09-28T01:28:04 IST" name="setDown" finished-at="2020-09-28T01:28:06 IST" duration-ms="1866" status="PASS">
          <reporter-output>
          </reporter-output>
        </test-method> <!-- setDown -->
      </class> <!-- testcases.Update_Product_testcases -->
      <class name="testcases.Login_testcases">
        <test-method is-config="true" signature="setUp()[pri:0, instance:testcases.Login_testcases@23282c25]" started-at="2020-09-28T01:25:43 IST" name="setUp" finished-at="2020-09-28T01:25:52 IST" duration-ms="9596" status="PASS">
          <reporter-output>
          </reporter-output>
        </test-method> <!-- setUp -->
        <test-method signature="loginTestCase()[pri:0, instance:testcases.Login_testcases@23282c25]" started-at="2020-09-28T01:25:52 IST" name="loginTestCase" finished-at="2020-09-28T01:25:53 IST" duration-ms="1133" status="PASS">
          <reporter-output>
          </reporter-output>
        </test-method> <!-- loginTestCase -->
        <test-method is-config="true" signature="setDown()[pri:0, instance:testcases.Login_testcases@23282c25]" started-at="2020-09-28T01:25:53 IST" name="setDown" finished-at="2020-09-28T01:25:55 IST" duration-ms="1843" status="PASS">
          <reporter-output>
          </reporter-output>
        </test-method> <!-- setDown -->
      </class> <!-- testcases.Login_testcases -->
      <class name="testcases.Delete_Product_testcases">
        <test-method is-config="true" signature="setUp()[pri:0, instance:testcases.Delete_Product_testcases@5906ebcb]" started-at="2020-09-28T01:28:06 IST" name="setUp" finished-at="2020-09-28T01:28:16 IST" duration-ms="9901" status="PASS">
          <reporter-output>
          </reporter-output>
        </test-method> <!-- setUp -->
        <test-method is-config="true" signature="navigateToProducts()[pri:0, instance:testcases.Delete_Product_testcases@5906ebcb]" started-at="2020-09-28T01:28:16 IST" name="navigateToProducts" finished-at="2020-09-28T01:28:17 IST" duration-ms="624" status="PASS">
          <reporter-output>
          </reporter-output>
        </test-method> <!-- navigateToProducts -->
        <test-method signature="deleteProduct()[pri:0, instance:testcases.Delete_Product_testcases@5906ebcb]" started-at="2020-09-28T01:28:17 IST" name="deleteProduct" finished-at="2020-09-28T01:28:19 IST" duration-ms="1709" status="PASS">
          <reporter-output>
          </reporter-output>
        </test-method> <!-- deleteProduct -->
        <test-method is-config="true" signature="setDown()[pri:0, instance:testcases.Delete_Product_testcases@5906ebcb]" started-at="2020-09-28T01:28:19 IST" name="setDown" finished-at="2020-09-28T01:28:20 IST" duration-ms="1890" status="PASS">
          <reporter-output>
          </reporter-output>
        </test-method> <!-- setDown -->
      </class> <!-- testcases.Delete_Product_testcases -->
    </test> <!-- Test -->
  </suite> <!-- Suite -->
</testng-results>
